<?xml version="1.0" encoding="UTF-8"?>
<testsuite xmlns:xsi="http://www.w3.org/2001/XMLSchema-instance" xsi:noNamespaceSchemaLocation="https://maven.apache.org/surefire/maven-surefire-plugin/xsd/surefire-test-report-3.0.xsd" version="3.0" name="com.sis.gildedrose.GRApplicationTests" time="0.969" tests="1" errors="0" skipped="0" failures="0">
  <properties>
[...]
</properties>
  <testcase name="contextLoads" classname="com.sis.gildedrose.GRApplicationTests" time="0.362">
    <system-out><![CDATA[03:03:24.672 [main] INFO org.springframework.test.context.support.AnnotationConfigContextLoaderUtils -- Could not detect default configuration classes for test class [com.sis.gildedrose.GRApplicationTests]: GRApplicationTests does not declare any static, non-private, non-final, nested classes annotated with @Configuration.
03:03:24.711 [main] INFO org.springframework.boot.test.context.SpringBootTestContextBootstrapper -- Found @SpringBootConfiguration com.sis.gildedrose.GRApplication for test class com.sis.gildedrose.GRApplicationTests

  .   ____          _            __ _ _
 /\\ / ___'_ __ _ _(_)_ __  __ _ \ \ \ \
( ( )\___ | '_ | '_| | '_ \/ _` | \ \ \ \
 \\/  ___)| |_)| | | | | || (_| |  ) ) ) )
  '  |____| .__|_| |_|_| |_\__, | / / / /
 =========|_|==============|___/=/_/_/_/
 :: Spring Boot ::               (v3.2.10)

2024-09-30T03:03:24.855+01:00  INFO 15177 --- [demo] [           main] com.sis.gildedrose.GRApplicationTests    : Starting GRApplicationTests using Java 22.0.2 with PID 15177 (started by kartheekmanevarthe in /Users/kartheekmanevarthe/work/backend/gilded-rose)
2024-09-30T03:03:24.855+01:00  INFO 15177 --- [demo] [           main] com.sis.gildedrose.GRApplicationTests    : No active profile set, falling back to 1 default profile: "default"
2024-09-30T03:03:25.202+01:00  INFO 15177 --- [demo] [           main] com.sis.gildedrose.GRApplicationTests    : Started GRApplicationTests in 0.451 seconds (process running for 0.804)
]]></system-out>
    <system-err><![CDATA[WARNING: A Java agent has been loaded dynamically (/Users/kartheekmanevarthe/.m2/repository/net/bytebuddy/byte-buddy-agent/1.14.19/byte-buddy-agent-1.14.19.jar)
WARNING: If a serviceability tool is in use, please run with -XX:+EnableDynamicAgentLoading to hide this warning
WARNING: If a serviceability tool is not in use, please run with -Djdk.instrument.traceUsage for more information
WARNING: Dynamic loading of agents will be disallowed by default in a future release
]]></system-err>
  </testcase>
</testsuite>